{"C:\\Users\\trini\\spendee\\2025-showgirls-back\\Spendee\\index.js": {"path":"C:\\Users\\trini\\spendee\\2025-showgirls-back\\Spendee\\index.js","statementMap":{"0":{"start":{"line":1,"column":16},"end":{"line":1,"column":34}},"1":{"start":{"line":2,"column":25},"end":{"line":2,"column":50}},"2":{"start":{"line":3,"column":22},"end":{"line":3,"column":62}},"3":{"start":{"line":5,"column":12},"end":{"line":5,"column":21}},"4":{"start":{"line":6,"column":15},"end":{"line":6,"column":33}},"5":{"start":{"line":8,"column":0},"end":{"line":8,"column":23}},"6":{"start":{"line":12,"column":0},"end":{"line":14,"column":2}},"7":{"start":{"line":13,"column":2},"end":{"line":13,"column":38}},"8":{"start":{"line":17,"column":0},"end":{"line":22,"column":2}},"9":{"start":{"line":18,"column":2},"end":{"line":21,"column":4}},"10":{"start":{"line":25,"column":0},"end":{"line":41,"column":2}},"11":{"start":{"line":26,"column":56},"end":{"line":26,"column":64}},"12":{"start":{"line":27,"column":2},"end":{"line":40,"column":3}},"13":{"start":{"line":28,"column":23},"end":{"line":36,"column":6}},"14":{"start":{"line":37,"column":4},"end":{"line":37,"column":36}},"15":{"start":{"line":39,"column":4},"end":{"line":39,"column":50}},"16":{"start":{"line":44,"column":0},"end":{"line":47,"column":2}},"17":{"start":{"line":45,"column":17},"end":{"line":45,"column":46}},"18":{"start":{"line":46,"column":2},"end":{"line":46,"column":18}},"19":{"start":{"line":49,"column":0},"end":{"line":59,"column":2}},"20":{"start":{"line":50,"column":21},"end":{"line":50,"column":31}},"21":{"start":{"line":51,"column":2},"end":{"line":58,"column":3}},"22":{"start":{"line":52,"column":25},"end":{"line":54,"column":6}},"23":{"start":{"line":55,"column":4},"end":{"line":55,"column":38}},"24":{"start":{"line":57,"column":4},"end":{"line":57,"column":50}},"25":{"start":{"line":61,"column":0},"end":{"line":76,"column":2}},"26":{"start":{"line":62,"column":13},"end":{"line":62,"column":36}},"27":{"start":{"line":63,"column":2},"end":{"line":65,"column":3}},"28":{"start":{"line":64,"column":4},"end":{"line":64,"column":57}},"29":{"start":{"line":67,"column":2},"end":{"line":75,"column":3}},"30":{"start":{"line":68,"column":20},"end":{"line":70,"column":6}},"31":{"start":{"line":71,"column":4},"end":{"line":71,"column":79}},"32":{"start":{"line":71,"column":18},"end":{"line":71,"column":79}},"33":{"start":{"line":72,"column":4},"end":{"line":72,"column":33}},"34":{"start":{"line":74,"column":4},"end":{"line":74,"column":50}},"35":{"start":{"line":78,"column":0},"end":{"line":125,"column":2}},"36":{"start":{"line":79,"column":52},"end":{"line":79,"column":60}},"37":{"start":{"line":80,"column":2},"end":{"line":124,"column":3}},"38":{"start":{"line":81,"column":16},"end":{"line":81,"column":76}},"39":{"start":{"line":82,"column":4},"end":{"line":82,"column":63}},"40":{"start":{"line":83,"column":4},"end":{"line":87,"column":5}},"41":{"start":{"line":84,"column":6},"end":{"line":86,"column":74}},"42":{"start":{"line":88,"column":30},"end":{"line":95,"column":6}},"43":{"start":{"line":96,"column":4},"end":{"line":100,"column":5}},"44":{"start":{"line":97,"column":6},"end":{"line":99,"column":79}},"45":{"start":{"line":101,"column":4},"end":{"line":106,"column":5}},"46":{"start":{"line":102,"column":6},"end":{"line":102,"column":51}},"47":{"start":{"line":103,"column":6},"end":{"line":105,"column":80}},"48":{"start":{"line":107,"column":22},"end":{"line":115,"column":6}},"49":{"start":{"line":117,"column":4},"end":{"line":120,"column":6}},"50":{"start":{"line":122,"column":4},"end":{"line":122,"column":63}},"51":{"start":{"line":123,"column":4},"end":{"line":123,"column":39}},"52":{"start":{"line":127,"column":0},"end":{"line":142,"column":2}},"53":{"start":{"line":128,"column":45},"end":{"line":128,"column":53}},"54":{"start":{"line":129,"column":2},"end":{"line":141,"column":3}},"55":{"start":{"line":130,"column":25},"end":{"line":137,"column":6}},"56":{"start":{"line":138,"column":4},"end":{"line":138,"column":38}},"57":{"start":{"line":140,"column":4},"end":{"line":140,"column":50}},"58":{"start":{"line":145,"column":0},"end":{"line":148,"column":2}},"59":{"start":{"line":146,"column":19},"end":{"line":146,"column":50}},"60":{"start":{"line":147,"column":2},"end":{"line":147,"column":20}},"61":{"start":{"line":150,"column":0},"end":{"line":165,"column":2}},"62":{"start":{"line":151,"column":13},"end":{"line":151,"column":36}},"63":{"start":{"line":152,"column":2},"end":{"line":154,"column":3}},"64":{"start":{"line":153,"column":4},"end":{"line":153,"column":57}},"65":{"start":{"line":156,"column":2},"end":{"line":164,"column":3}},"66":{"start":{"line":157,"column":19},"end":{"line":159,"column":6}},"67":{"start":{"line":160,"column":4},"end":{"line":160,"column":78}},"68":{"start":{"line":160,"column":17},"end":{"line":160,"column":78}},"69":{"start":{"line":161,"column":4},"end":{"line":161,"column":32}},"70":{"start":{"line":163,"column":4},"end":{"line":163,"column":50}},"71":{"start":{"line":167,"column":0},"end":{"line":177,"column":2}},"72":{"start":{"line":168,"column":21},"end":{"line":168,"column":31}},"73":{"start":{"line":169,"column":2},"end":{"line":176,"column":3}},"74":{"start":{"line":170,"column":24},"end":{"line":172,"column":6}},"75":{"start":{"line":173,"column":4},"end":{"line":173,"column":37}},"76":{"start":{"line":175,"column":4},"end":{"line":175,"column":50}},"77":{"start":{"line":179,"column":0},"end":{"line":207,"column":2}},"78":{"start":{"line":180,"column":21},"end":{"line":180,"column":31}},"79":{"start":{"line":181,"column":2},"end":{"line":206,"column":3}},"80":{"start":{"line":182,"column":21},"end":{"line":185,"column":6}},"81":{"start":{"line":187,"column":23},"end":{"line":190,"column":6}},"82":{"start":{"line":192,"column":23},"end":{"line":194,"column":9}},"83":{"start":{"line":195,"column":25},"end":{"line":197,"column":9}},"84":{"start":{"line":199,"column":20},"end":{"line":199,"column":45}},"85":{"start":{"line":200,"column":4},"end":{"line":200,"column":54}},"86":{"start":{"line":202,"column":4},"end":{"line":202,"column":51}},"87":{"start":{"line":204,"column":4},"end":{"line":204,"column":24}},"88":{"start":{"line":205,"column":4},"end":{"line":205,"column":50}},"89":{"start":{"line":209,"column":0},"end":{"line":226,"column":2}},"90":{"start":{"line":210,"column":48},"end":{"line":210,"column":56}},"91":{"start":{"line":211,"column":2},"end":{"line":225,"column":3}},"92":{"start":{"line":212,"column":16},"end":{"line":212,"column":76}},"93":{"start":{"line":213,"column":27},"end":{"line":221,"column":6}},"94":{"start":{"line":222,"column":4},"end":{"line":222,"column":40}},"95":{"start":{"line":224,"column":4},"end":{"line":224,"column":50}},"96":{"start":{"line":228,"column":0},"end":{"line":266,"column":2}},"97":{"start":{"line":229,"column":2},"end":{"line":265,"column":3}},"98":{"start":{"line":231,"column":6},"end":{"line":234,"column":22}},"99":{"start":{"line":236,"column":23},"end":{"line":238,"column":6}},"100":{"start":{"line":239,"column":20},"end":{"line":239,"column":29}},"101":{"start":{"line":240,"column":4},"end":{"line":253,"column":5}},"102":{"start":{"line":241,"column":19},"end":{"line":249,"column":8}},"103":{"start":{"line":250,"column":6},"end":{"line":252,"column":7}},"104":{"start":{"line":251,"column":8},"end":{"line":251,"column":56}},"105":{"start":{"line":254,"column":32},"end":{"line":261,"column":7}},"106":{"start":{"line":254,"column":55},"end":{"line":261,"column":5}},"107":{"start":{"line":262,"column":4},"end":{"line":262,"column":33}},"108":{"start":{"line":264,"column":4},"end":{"line":264,"column":50}},"109":{"start":{"line":270,"column":0},"end":{"line":283,"column":2}},"110":{"start":{"line":271,"column":33},"end":{"line":271,"column":41}},"111":{"start":{"line":272,"column":2},"end":{"line":282,"column":3}},"112":{"start":{"line":273,"column":19},"end":{"line":278,"column":6}},"113":{"start":{"line":279,"column":4},"end":{"line":279,"column":20}},"114":{"start":{"line":281,"column":4},"end":{"line":281,"column":50}},"115":{"start":{"line":285,"column":0},"end":{"line":318,"column":2}},"116":{"start":{"line":286,"column":17},"end":{"line":286,"column":27}},"117":{"start":{"line":287,"column":2},"end":{"line":317,"column":3}},"118":{"start":{"line":288,"column":16},"end":{"line":288,"column":76}},"119":{"start":{"line":290,"column":21},"end":{"line":292,"column":6}},"120":{"start":{"line":294,"column":4},"end":{"line":296,"column":5}},"121":{"start":{"line":295,"column":6},"end":{"line":295,"column":73}},"122":{"start":{"line":298,"column":4},"end":{"line":302,"column":5}},"123":{"start":{"line":299,"column":6},"end":{"line":301,"column":75}},"124":{"start":{"line":304,"column":28},"end":{"line":306,"column":6}},"125":{"start":{"line":308,"column":4},"end":{"line":311,"column":6}},"126":{"start":{"line":313,"column":4},"end":{"line":313,"column":55}},"127":{"start":{"line":314,"column":4},"end":{"line":316,"column":76}},"128":{"start":{"line":320,"column":0},"end":{"line":357,"column":2}},"129":{"start":{"line":321,"column":2},"end":{"line":321,"column":41}},"130":{"start":{"line":322,"column":17},"end":{"line":322,"column":27}},"131":{"start":{"line":323,"column":51},"end":{"line":323,"column":59}},"132":{"start":{"line":325,"column":2},"end":{"line":356,"column":3}},"133":{"start":{"line":326,"column":16},"end":{"line":326,"column":76}},"134":{"start":{"line":327,"column":31},"end":{"line":329,"column":6}},"135":{"start":{"line":331,"column":4},"end":{"line":333,"column":5}},"136":{"start":{"line":332,"column":6},"end":{"line":332,"column":71}},"137":{"start":{"line":334,"column":4},"end":{"line":338,"column":5}},"138":{"start":{"line":335,"column":6},"end":{"line":337,"column":74}},"139":{"start":{"line":339,"column":33},"end":{"line":347,"column":6}},"140":{"start":{"line":349,"column":4},"end":{"line":352,"column":6}},"141":{"start":{"line":354,"column":4},"end":{"line":354,"column":56}},"142":{"start":{"line":355,"column":4},"end":{"line":355,"column":50}},"143":{"start":{"line":359,"column":0},"end":{"line":359,"column":20}}},"fnMap":{"0":{"name":"(anonymous_0)","decl":{"start":{"line":12,"column":13},"end":{"line":12,"column":14}},"loc":{"start":{"line":12,"column":27},"end":{"line":14,"column":1}},"line":12},"1":{"name":"(anonymous_1)","decl":{"start":{"line":17,"column":36},"end":{"line":17,"column":37}},"loc":{"start":{"line":17,"column":50},"end":{"line":22,"column":1}},"line":17},"2":{"name":"(anonymous_2)","decl":{"start":{"line":25,"column":34},"end":{"line":25,"column":35}},"loc":{"start":{"line":25,"column":54},"end":{"line":41,"column":1}},"line":25},"3":{"name":"(anonymous_3)","decl":{"start":{"line":44,"column":33},"end":{"line":44,"column":34}},"loc":{"start":{"line":44,"column":53},"end":{"line":47,"column":1}},"line":44},"4":{"name":"(anonymous_4)","decl":{"start":{"line":49,"column":41},"end":{"line":49,"column":42}},"loc":{"start":{"line":49,"column":61},"end":{"line":59,"column":1}},"line":49},"5":{"name":"(anonymous_5)","decl":{"start":{"line":61,"column":42},"end":{"line":61,"column":43}},"loc":{"start":{"line":61,"column":62},"end":{"line":76,"column":1}},"line":61},"6":{"name":"(anonymous_6)","decl":{"start":{"line":78,"column":48},"end":{"line":78,"column":49}},"loc":{"start":{"line":78,"column":68},"end":{"line":125,"column":1}},"line":78},"7":{"name":"(anonymous_7)","decl":{"start":{"line":127,"column":36},"end":{"line":127,"column":37}},"loc":{"start":{"line":127,"column":56},"end":{"line":142,"column":1}},"line":127},"8":{"name":"(anonymous_8)","decl":{"start":{"line":145,"column":35},"end":{"line":145,"column":36}},"loc":{"start":{"line":145,"column":55},"end":{"line":148,"column":1}},"line":145},"9":{"name":"(anonymous_9)","decl":{"start":{"line":150,"column":44},"end":{"line":150,"column":45}},"loc":{"start":{"line":150,"column":64},"end":{"line":165,"column":1}},"line":150},"10":{"name":"(anonymous_10)","decl":{"start":{"line":167,"column":43},"end":{"line":167,"column":44}},"loc":{"start":{"line":167,"column":63},"end":{"line":177,"column":1}},"line":167},"11":{"name":"(anonymous_11)","decl":{"start":{"line":179,"column":43},"end":{"line":179,"column":44}},"loc":{"start":{"line":179,"column":63},"end":{"line":207,"column":1}},"line":179},"12":{"name":"(anonymous_12)","decl":{"start":{"line":209,"column":43},"end":{"line":209,"column":44}},"loc":{"start":{"line":209,"column":63},"end":{"line":226,"column":1}},"line":209},"13":{"name":"(anonymous_13)","decl":{"start":{"line":228,"column":38},"end":{"line":228,"column":39}},"loc":{"start":{"line":228,"column":58},"end":{"line":266,"column":1}},"line":228},"14":{"name":"(anonymous_14)","decl":{"start":{"line":254,"column":47},"end":{"line":254,"column":48}},"loc":{"start":{"line":254,"column":55},"end":{"line":261,"column":5}},"line":254},"15":{"name":"(anonymous_15)","decl":{"start":{"line":270,"column":47},"end":{"line":270,"column":48}},"loc":{"start":{"line":270,"column":67},"end":{"line":283,"column":1}},"line":270},"16":{"name":"(anonymous_16)","decl":{"start":{"line":285,"column":49},"end":{"line":285,"column":50}},"loc":{"start":{"line":285,"column":69},"end":{"line":318,"column":1}},"line":285},"17":{"name":"(anonymous_17)","decl":{"start":{"line":320,"column":46},"end":{"line":320,"column":47}},"loc":{"start":{"line":320,"column":66},"end":{"line":357,"column":1}},"line":320}},"branchMap":{"0":{"loc":{"start":{"line":63,"column":2},"end":{"line":65,"column":3}},"type":"if","locations":[{"start":{"line":63,"column":2},"end":{"line":65,"column":3}},{"start":{},"end":{}}],"line":63},"1":{"loc":{"start":{"line":71,"column":4},"end":{"line":71,"column":79}},"type":"if","locations":[{"start":{"line":71,"column":4},"end":{"line":71,"column":79}},{"start":{},"end":{}}],"line":71},"2":{"loc":{"start":{"line":81,"column":16},"end":{"line":81,"column":76}},"type":"binary-expr","locations":[{"start":{"line":81,"column":16},"end":{"line":81,"column":32}},{"start":{"line":81,"column":36},"end":{"line":81,"column":56}},{"start":{"line":81,"column":60},"end":{"line":81,"column":76}}],"line":81},"3":{"loc":{"start":{"line":83,"column":4},"end":{"line":87,"column":5}},"type":"if","locations":[{"start":{"line":83,"column":4},"end":{"line":87,"column":5}},{"start":{},"end":{}}],"line":83},"4":{"loc":{"start":{"line":83,"column":8},"end":{"line":83,"column":49}},"type":"binary-expr","locations":[{"start":{"line":83,"column":8},"end":{"line":83,"column":26}},{"start":{"line":83,"column":30},"end":{"line":83,"column":49}}],"line":83},"5":{"loc":{"start":{"line":96,"column":4},"end":{"line":100,"column":5}},"type":"if","locations":[{"start":{"line":96,"column":4},"end":{"line":100,"column":5}},{"start":{},"end":{}}],"line":96},"6":{"loc":{"start":{"line":101,"column":4},"end":{"line":106,"column":5}},"type":"if","locations":[{"start":{"line":101,"column":4},"end":{"line":106,"column":5}},{"start":{},"end":{}}],"line":101},"7":{"loc":{"start":{"line":152,"column":2},"end":{"line":154,"column":3}},"type":"if","locations":[{"start":{"line":152,"column":2},"end":{"line":154,"column":3}},{"start":{},"end":{}}],"line":152},"8":{"loc":{"start":{"line":160,"column":4},"end":{"line":160,"column":78}},"type":"if","locations":[{"start":{"line":160,"column":4},"end":{"line":160,"column":78}},{"start":{},"end":{}}],"line":160},"9":{"loc":{"start":{"line":192,"column":23},"end":{"line":194,"column":9}},"type":"cond-expr","locations":[{"start":{"line":193,"column":8},"end":{"line":193,"column":50}},{"start":{"line":194,"column":8},"end":{"line":194,"column":9}}],"line":192},"10":{"loc":{"start":{"line":195,"column":25},"end":{"line":197,"column":9}},"type":"cond-expr","locations":[{"start":{"line":196,"column":8},"end":{"line":196,"column":54}},{"start":{"line":197,"column":8},"end":{"line":197,"column":9}}],"line":195},"11":{"loc":{"start":{"line":212,"column":16},"end":{"line":212,"column":76}},"type":"binary-expr","locations":[{"start":{"line":212,"column":16},"end":{"line":212,"column":32}},{"start":{"line":212,"column":36},"end":{"line":212,"column":56}},{"start":{"line":212,"column":60},"end":{"line":212,"column":76}}],"line":212},"12":{"loc":{"start":{"line":231,"column":6},"end":{"line":234,"column":22}},"type":"binary-expr","locations":[{"start":{"line":231,"column":6},"end":{"line":231,"column":22}},{"start":{"line":232,"column":6},"end":{"line":232,"column":26}},{"start":{"line":233,"column":6},"end":{"line":233,"column":22}},{"start":{"line":234,"column":6},"end":{"line":234,"column":22}}],"line":231},"13":{"loc":{"start":{"line":240,"column":4},"end":{"line":253,"column":5}},"type":"if","locations":[{"start":{"line":240,"column":4},"end":{"line":253,"column":5}},{"start":{},"end":{}}],"line":240},"14":{"loc":{"start":{"line":251,"column":37},"end":{"line":251,"column":55}},"type":"binary-expr","locations":[{"start":{"line":251,"column":37},"end":{"line":251,"column":50}},{"start":{"line":251,"column":54},"end":{"line":251,"column":55}}],"line":251},"15":{"loc":{"start":{"line":260,"column":19},"end":{"line":260,"column":43}},"type":"binary-expr","locations":[{"start":{"line":260,"column":19},"end":{"line":260,"column":38}},{"start":{"line":260,"column":42},"end":{"line":260,"column":43}}],"line":260},"16":{"loc":{"start":{"line":288,"column":16},"end":{"line":288,"column":76}},"type":"binary-expr","locations":[{"start":{"line":288,"column":16},"end":{"line":288,"column":32}},{"start":{"line":288,"column":36},"end":{"line":288,"column":56}},{"start":{"line":288,"column":60},"end":{"line":288,"column":76}}],"line":288},"17":{"loc":{"start":{"line":294,"column":4},"end":{"line":296,"column":5}},"type":"if","locations":[{"start":{"line":294,"column":4},"end":{"line":296,"column":5}},{"start":{},"end":{}}],"line":294},"18":{"loc":{"start":{"line":298,"column":4},"end":{"line":302,"column":5}},"type":"if","locations":[{"start":{"line":298,"column":4},"end":{"line":302,"column":5}},{"start":{},"end":{}}],"line":298},"19":{"loc":{"start":{"line":326,"column":16},"end":{"line":326,"column":76}},"type":"binary-expr","locations":[{"start":{"line":326,"column":16},"end":{"line":326,"column":32}},{"start":{"line":326,"column":36},"end":{"line":326,"column":56}},{"start":{"line":326,"column":60},"end":{"line":326,"column":76}}],"line":326},"20":{"loc":{"start":{"line":331,"column":4},"end":{"line":333,"column":5}},"type":"if","locations":[{"start":{"line":331,"column":4},"end":{"line":333,"column":5}},{"start":{},"end":{}}],"line":331},"21":{"loc":{"start":{"line":334,"column":4},"end":{"line":338,"column":5}},"type":"if","locations":[{"start":{"line":334,"column":4},"end":{"line":338,"column":5}},{"start":{},"end":{}}],"line":334},"22":{"loc":{"start":{"line":342,"column":16},"end":{"line":342,"column":57}},"type":"binary-expr","locations":[{"start":{"line":342,"column":16},"end":{"line":342,"column":25}},{"start":{"line":342,"column":29},"end":{"line":342,"column":57}}],"line":342},"23":{"loc":{"start":{"line":343,"column":21},"end":{"line":343,"column":66}},"type":"binary-expr","locations":[{"start":{"line":343,"column":21},"end":{"line":343,"column":32}},{"start":{"line":343,"column":36},"end":{"line":343,"column":66}}],"line":343},"24":{"loc":{"start":{"line":344,"column":15},"end":{"line":344,"column":48}},"type":"binary-expr","locations":[{"start":{"line":344,"column":15},"end":{"line":344,"column":20}},{"start":{"line":344,"column":24},"end":{"line":344,"column":48}}],"line":344},"25":{"loc":{"start":{"line":345,"column":15},"end":{"line":345,"column":48}},"type":"binary-expr","locations":[{"start":{"line":345,"column":15},"end":{"line":345,"column":20}},{"start":{"line":345,"column":24},"end":{"line":345,"column":48}}],"line":345}},"s":{"0":1,"1":1,"2":1,"3":1,"4":1,"5":1,"6":1,"7":1,"8":1,"9":0,"10":1,"11":5,"12":5,"13":5,"14":1,"15":4,"16":1,"17":2,"18":2,"19":1,"20":2,"21":2,"22":2,"23":2,"24":0,"25":1,"26":0,"27":0,"28":0,"29":0,"30":0,"31":0,"32":0,"33":0,"34":0,"35":1,"36":0,"37":0,"38":0,"39":0,"40":0,"41":0,"42":0,"43":0,"44":0,"45":0,"46":0,"47":0,"48":0,"49":0,"50":0,"51":0,"52":1,"53":5,"54":5,"55":5,"56":1,"57":4,"58":1,"59":2,"60":2,"61":1,"62":0,"63":0,"64":0,"65":0,"66":0,"67":0,"68":0,"69":0,"70":0,"71":1,"72":0,"73":0,"74":0,"75":0,"76":0,"77":1,"78":6,"79":6,"80":6,"81":6,"82":6,"83":6,"84":6,"85":6,"86":6,"87":0,"88":0,"89":1,"90":0,"91":0,"92":0,"93":0,"94":0,"95":0,"96":1,"97":0,"98":0,"99":0,"100":0,"101":0,"102":0,"103":0,"104":0,"105":0,"106":0,"107":0,"108":0,"109":1,"110":0,"111":0,"112":0,"113":0,"114":0,"115":1,"116":0,"117":0,"118":0,"119":0,"120":0,"121":0,"122":0,"123":0,"124":0,"125":0,"126":0,"127":0,"128":1,"129":0,"130":0,"131":0,"132":0,"133":0,"134":0,"135":0,"136":0,"137":0,"138":0,"139":0,"140":0,"141":0,"142":0,"143":1},"f":{"0":1,"1":0,"2":5,"3":2,"4":2,"5":0,"6":0,"7":5,"8":2,"9":0,"10":0,"11":6,"12":0,"13":0,"14":0,"15":0,"16":0,"17":0},"b":{"0":[0,0],"1":[0,0],"2":[0,0,0],"3":[0,0],"4":[0,0],"5":[0,0],"6":[0,0],"7":[0,0],"8":[0,0],"9":[2,4],"10":[3,3],"11":[0,0,0],"12":[0,0,0,0],"13":[0,0],"14":[0,0],"15":[0,0],"16":[0,0,0],"17":[0,0],"18":[0,0],"19":[0,0,0],"20":[0,0],"21":[0,0],"22":[0,0],"23":[0,0],"24":[0,0],"25":[0,0]},"_coverageSchema":"1a1c01bbd47fc00a2c39e90264f33305004495a9","hash":"9017eeab1db55a4e44ea13495a6a522ba1cbb7d4"}
}
