{"C:\\Users\\trini\\spendee\\2025-showgirls-back\\Spendee\\index.js": {"path":"C:\\Users\\trini\\spendee\\2025-showgirls-back\\Spendee\\index.js","statementMap":{"0":{"start":{"line":1,"column":16},"end":{"line":1,"column":34}},"1":{"start":{"line":2,"column":25},"end":{"line":2,"column":50}},"2":{"start":{"line":3,"column":12},"end":{"line":3,"column":35}},"3":{"start":{"line":4,"column":12},"end":{"line":4,"column":21}},"4":{"start":{"line":5,"column":15},"end":{"line":5,"column":33}},"5":{"start":{"line":7,"column":0},"end":{"line":7,"column":24}},"6":{"start":{"line":11,"column":21},"end":{"line":11,"column":49}},"7":{"start":{"line":12,"column":16},"end":{"line":12,"column":54}},"8":{"start":{"line":13,"column":2},"end":{"line":15,"column":3}},"9":{"start":{"line":14,"column":4},"end":{"line":14,"column":69}},"10":{"start":{"line":17,"column":2},"end":{"line":23,"column":3}},"11":{"start":{"line":18,"column":20},"end":{"line":18,"column":37}},"12":{"start":{"line":19,"column":4},"end":{"line":19,"column":26}},"13":{"start":{"line":20,"column":4},"end":{"line":20,"column":11}},"14":{"start":{"line":22,"column":4},"end":{"line":22,"column":61}},"15":{"start":{"line":26,"column":0},"end":{"line":28,"column":3}},"16":{"start":{"line":27,"column":2},"end":{"line":27,"column":39}},"17":{"start":{"line":31,"column":0},"end":{"line":46,"column":3}},"18":{"start":{"line":32,"column":43},"end":{"line":32,"column":51}},"19":{"start":{"line":33,"column":2},"end":{"line":45,"column":3}},"20":{"start":{"line":34,"column":23},"end":{"line":41,"column":6}},"21":{"start":{"line":42,"column":4},"end":{"line":42,"column":37}},"22":{"start":{"line":44,"column":4},"end":{"line":44,"column":51}},"23":{"start":{"line":49,"column":0},"end":{"line":52,"column":3}},"24":{"start":{"line":50,"column":17},"end":{"line":50,"column":46}},"25":{"start":{"line":51,"column":2},"end":{"line":51,"column":19}},"26":{"start":{"line":54,"column":0},"end":{"line":72,"column":3}},"27":{"start":{"line":55,"column":2},"end":{"line":55,"column":35}},"28":{"start":{"line":56,"column":45},"end":{"line":56,"column":53}},"29":{"start":{"line":57,"column":2},"end":{"line":57,"column":22}},"30":{"start":{"line":58,"column":2},"end":{"line":71,"column":3}},"31":{"start":{"line":59,"column":25},"end":{"line":66,"column":6}},"32":{"start":{"line":67,"column":4},"end":{"line":67,"column":39}},"33":{"start":{"line":68,"column":4},"end":{"line":68,"column":24}},"34":{"start":{"line":70,"column":4},"end":{"line":70,"column":51}},"35":{"start":{"line":75,"column":0},"end":{"line":78,"column":3}},"36":{"start":{"line":76,"column":19},"end":{"line":76,"column":50}},"37":{"start":{"line":77,"column":2},"end":{"line":77,"column":21}},"38":{"start":{"line":80,"column":0},"end":{"line":99,"column":3}},"39":{"start":{"line":81,"column":21},"end":{"line":81,"column":31}},"40":{"start":{"line":82,"column":2},"end":{"line":98,"column":3}},"41":{"start":{"line":83,"column":19},"end":{"line":85,"column":6}},"42":{"start":{"line":86,"column":23},"end":{"line":86,"column":78}},"43":{"start":{"line":86,"column":55},"end":{"line":86,"column":74}},"44":{"start":{"line":87,"column":21},"end":{"line":89,"column":6}},"45":{"start":{"line":90,"column":25},"end":{"line":93,"column":5}},"46":{"start":{"line":91,"column":26},"end":{"line":91,"column":49}},"47":{"start":{"line":94,"column":20},"end":{"line":94,"column":45}},"48":{"start":{"line":95,"column":4},"end":{"line":95,"column":52}},"49":{"start":{"line":97,"column":4},"end":{"line":97,"column":51}},"50":{"start":{"line":101,"column":13},"end":{"line":101,"column":37}},"51":{"start":{"line":102,"column":0},"end":{"line":104,"column":3}},"52":{"start":{"line":103,"column":2},"end":{"line":103,"column":58}},"53":{"start":{"line":106,"column":0},"end":{"line":106,"column":21}}},"fnMap":{"0":{"name":"validarJWT","decl":{"start":{"line":10,"column":9},"end":{"line":10,"column":19}},"loc":{"start":{"line":10,"column":36},"end":{"line":24,"column":1}},"line":10},"1":{"name":"(anonymous_1)","decl":{"start":{"line":26,"column":13},"end":{"line":26,"column":14}},"loc":{"start":{"line":26,"column":27},"end":{"line":28,"column":1}},"line":26},"2":{"name":"(anonymous_2)","decl":{"start":{"line":31,"column":19},"end":{"line":31,"column":20}},"loc":{"start":{"line":31,"column":39},"end":{"line":46,"column":1}},"line":31},"3":{"name":"(anonymous_3)","decl":{"start":{"line":49,"column":18},"end":{"line":49,"column":19}},"loc":{"start":{"line":49,"column":38},"end":{"line":52,"column":1}},"line":49},"4":{"name":"(anonymous_4)","decl":{"start":{"line":54,"column":21},"end":{"line":54,"column":22}},"loc":{"start":{"line":54,"column":41},"end":{"line":72,"column":1}},"line":54},"5":{"name":"(anonymous_5)","decl":{"start":{"line":75,"column":20},"end":{"line":75,"column":21}},"loc":{"start":{"line":75,"column":40},"end":{"line":78,"column":1}},"line":75},"6":{"name":"(anonymous_6)","decl":{"start":{"line":80,"column":28},"end":{"line":80,"column":29}},"loc":{"start":{"line":80,"column":48},"end":{"line":99,"column":1}},"line":80},"7":{"name":"(anonymous_7)","decl":{"start":{"line":86,"column":37},"end":{"line":86,"column":38}},"loc":{"start":{"line":86,"column":55},"end":{"line":86,"column":74}},"line":86},"8":{"name":"(anonymous_8)","decl":{"start":{"line":91,"column":6},"end":{"line":91,"column":7}},"loc":{"start":{"line":91,"column":26},"end":{"line":91,"column":49}},"line":91},"9":{"name":"(anonymous_9)","decl":{"start":{"line":102,"column":17},"end":{"line":102,"column":18}},"loc":{"start":{"line":102,"column":23},"end":{"line":104,"column":1}},"line":102}},"branchMap":{"0":{"loc":{"start":{"line":12,"column":16},"end":{"line":12,"column":54}},"type":"binary-expr","locations":[{"start":{"line":12,"column":16},"end":{"line":12,"column":26}},{"start":{"line":12,"column":30},"end":{"line":12,"column":54}}],"line":12},"1":{"loc":{"start":{"line":13,"column":2},"end":{"line":15,"column":3}},"type":"if","locations":[{"start":{"line":13,"column":2},"end":{"line":15,"column":3}},{"start":{},"end":{}}],"line":13},"2":{"loc":{"start":{"line":101,"column":13},"end":{"line":101,"column":37}},"type":"binary-expr","locations":[{"start":{"line":101,"column":13},"end":{"line":101,"column":29}},{"start":{"line":101,"column":33},"end":{"line":101,"column":37}}],"line":101}},"s":{"0":1,"1":1,"2":1,"3":1,"4":1,"5":1,"6":0,"7":0,"8":0,"9":0,"10":0,"11":0,"12":0,"13":0,"14":0,"15":1,"16":1,"17":1,"18":4,"19":4,"20":4,"21":1,"22":3,"23":1,"24":2,"25":2,"26":1,"27":4,"28":4,"29":4,"30":4,"31":4,"32":1,"33":1,"34":3,"35":1,"36":2,"37":2,"38":1,"39":5,"40":5,"41":5,"42":5,"43":2,"44":5,"45":5,"46":2,"47":5,"48":5,"49":0,"50":1,"51":1,"52":1,"53":1},"f":{"0":0,"1":1,"2":4,"3":2,"4":4,"5":2,"6":5,"7":2,"8":2,"9":1},"b":{"0":[0,0],"1":[0,0],"2":[1,1]},"_coverageSchema":"1a1c01bbd47fc00a2c39e90264f33305004495a9","hash":"8e04f372bb9770b83f8020cd46601b8dc813d382"}
}
