TN:
SF:index.js
FN:12,(anonymous_0)
FN:17,(anonymous_1)
FN:25,(anonymous_2)
FN:44,(anonymous_3)
FN:49,(anonymous_4)
FN:61,(anonymous_5)
FN:78,(anonymous_6)
FN:127,(anonymous_7)
FN:145,(anonymous_8)
FN:150,(anonymous_9)
FN:167,(anonymous_10)
FN:179,(anonymous_11)
FN:209,(anonymous_12)
FN:228,(anonymous_13)
FN:254,(anonymous_14)
FN:270,(anonymous_15)
FN:285,(anonymous_16)
FN:320,(anonymous_17)
FNF:18
FNH:7
FNDA:1,(anonymous_0)
FNDA:0,(anonymous_1)
FNDA:5,(anonymous_2)
FNDA:2,(anonymous_3)
FNDA:2,(anonymous_4)
FNDA:0,(anonymous_5)
FNDA:0,(anonymous_6)
FNDA:5,(anonymous_7)
FNDA:2,(anonymous_8)
FNDA:0,(anonymous_9)
FNDA:0,(anonymous_10)
FNDA:6,(anonymous_11)
FNDA:0,(anonymous_12)
FNDA:0,(anonymous_13)
FNDA:0,(anonymous_14)
FNDA:0,(anonymous_15)
FNDA:0,(anonymous_16)
FNDA:0,(anonymous_17)
DA:1,1
DA:2,1
DA:3,1
DA:5,1
DA:6,1
DA:8,1
DA:12,1
DA:13,1
DA:17,1
DA:18,0
DA:25,1
DA:26,5
DA:27,5
DA:28,5
DA:37,1
DA:39,4
DA:44,1
DA:45,2
DA:46,2
DA:49,1
DA:50,2
DA:51,2
DA:52,2
DA:55,2
DA:57,0
DA:61,1
DA:62,0
DA:63,0
DA:64,0
DA:67,0
DA:68,0
DA:71,0
DA:72,0
DA:74,0
DA:78,1
DA:79,0
DA:80,0
DA:81,0
DA:82,0
DA:83,0
DA:84,0
DA:88,0
DA:96,0
DA:97,0
DA:101,0
DA:102,0
DA:103,0
DA:107,0
DA:117,0
DA:122,0
DA:123,0
DA:127,1
DA:128,5
DA:129,5
DA:130,5
DA:138,1
DA:140,4
DA:145,1
DA:146,2
DA:147,2
DA:150,1
DA:151,0
DA:152,0
DA:153,0
DA:156,0
DA:157,0
DA:160,0
DA:161,0
DA:163,0
DA:167,1
DA:168,0
DA:169,0
DA:170,0
DA:173,0
DA:175,0
DA:179,1
DA:180,6
DA:181,6
DA:182,6
DA:187,6
DA:192,6
DA:195,6
DA:199,6
DA:200,6
DA:202,6
DA:204,0
DA:205,0
DA:209,1
DA:210,0
DA:211,0
DA:212,0
DA:213,0
DA:222,0
DA:224,0
DA:228,1
DA:229,0
DA:231,0
DA:236,0
DA:239,0
DA:240,0
DA:241,0
DA:250,0
DA:251,0
DA:254,0
DA:262,0
DA:264,0
DA:270,1
DA:271,0
DA:272,0
DA:273,0
DA:279,0
DA:281,0
DA:285,1
DA:286,0
DA:287,0
DA:288,0
DA:290,0
DA:294,0
DA:295,0
DA:298,0
DA:299,0
DA:304,0
DA:308,0
DA:313,0
DA:314,0
DA:320,1
DA:321,0
DA:322,0
DA:323,0
DA:325,0
DA:326,0
DA:327,0
DA:331,0
DA:332,0
DA:334,0
DA:335,0
DA:339,0
DA:349,0
DA:354,0
DA:355,0
DA:359,1
LF:141
LH:52
BRDA:63,0,0,0
BRDA:63,0,1,0
BRDA:71,1,0,0
BRDA:71,1,1,0
BRDA:81,2,0,0
BRDA:81,2,1,0
BRDA:81,2,2,0
BRDA:83,3,0,0
BRDA:83,3,1,0
BRDA:83,4,0,0
BRDA:83,4,1,0
BRDA:96,5,0,0
BRDA:96,5,1,0
BRDA:101,6,0,0
BRDA:101,6,1,0
BRDA:152,7,0,0
BRDA:152,7,1,0
BRDA:160,8,0,0
BRDA:160,8,1,0
BRDA:192,9,0,2
BRDA:192,9,1,4
BRDA:195,10,0,3
BRDA:195,10,1,3
BRDA:212,11,0,0
BRDA:212,11,1,0
BRDA:212,11,2,0
BRDA:231,12,0,0
BRDA:231,12,1,0
BRDA:231,12,2,0
BRDA:231,12,3,0
BRDA:240,13,0,0
BRDA:240,13,1,0
BRDA:251,14,0,0
BRDA:251,14,1,0
BRDA:260,15,0,0
BRDA:260,15,1,0
BRDA:288,16,0,0
BRDA:288,16,1,0
BRDA:288,16,2,0
BRDA:294,17,0,0
BRDA:294,17,1,0
BRDA:298,18,0,0
BRDA:298,18,1,0
BRDA:326,19,0,0
BRDA:326,19,1,0
BRDA:326,19,2,0
BRDA:331,20,0,0
BRDA:331,20,1,0
BRDA:334,21,0,0
BRDA:334,21,1,0
BRDA:342,22,0,0
BRDA:342,22,1,0
BRDA:343,23,0,0
BRDA:343,23,1,0
BRDA:344,24,0,0
BRDA:344,24,1,0
BRDA:345,25,0,0
BRDA:345,25,1,0
BRF:58
BRH:4
end_of_record
