TN:
SF:index.js
FN:10,validarJWT
FN:26,(anonymous_1)
FN:31,(anonymous_2)
FN:49,(anonymous_3)
FN:54,(anonymous_4)
FN:75,(anonymous_5)
FN:80,(anonymous_6)
FN:86,(anonymous_7)
FN:91,(anonymous_8)
FN:102,(anonymous_9)
FNF:10
FNH:9
FNDA:0,validarJWT
FNDA:1,(anonymous_1)
FNDA:4,(anonymous_2)
FNDA:2,(anonymous_3)
FNDA:4,(anonymous_4)
FNDA:2,(anonymous_5)
FNDA:5,(anonymous_6)
FNDA:2,(anonymous_7)
FNDA:2,(anonymous_8)
FNDA:1,(anonymous_9)
DA:1,1
DA:2,1
DA:3,1
DA:4,1
DA:5,1
DA:7,1
DA:11,0
DA:12,0
DA:13,0
DA:14,0
DA:17,0
DA:18,0
DA:19,0
DA:20,0
DA:22,0
DA:26,1
DA:27,1
DA:31,1
DA:32,4
DA:33,4
DA:34,4
DA:42,1
DA:44,3
DA:49,1
DA:50,2
DA:51,2
DA:54,1
DA:55,4
DA:56,4
DA:57,4
DA:58,4
DA:59,4
DA:67,1
DA:68,1
DA:70,3
DA:75,1
DA:76,2
DA:77,2
DA:80,1
DA:81,5
DA:82,5
DA:83,5
DA:86,5
DA:87,5
DA:90,5
DA:91,2
DA:94,5
DA:95,5
DA:97,0
DA:101,1
DA:102,1
DA:103,1
DA:106,1
LF:53
LH:43
BRDA:12,0,0,0
BRDA:12,0,1,0
BRDA:13,1,0,0
BRDA:13,1,1,0
BRDA:101,2,0,1
BRDA:101,2,1,1
BRF:6
BRH:2
end_of_record
